[2025-02-02T14:03:35.624Z] EXECUTING: Executing (default): SELECT 1+1 AS result 
PARAMETERS: []
[2025-02-02T14:03:35.630Z] EXECUTING: Executing (default): SELECT `id`, `email`, `password`, `userId`, `verificationCode`, `verificationExpires`, `isVerified`, `profileImg`, `stylePreferences`, `size`, `hasCompletedPreferences`, `createdAt`, `updatedAt` FROM `emailusers` AS `EmailUser` WHERE (`EmailUser`.`email` = 'sakills914@gmail.com' OR `EmailUser`.`userId` = 'sakills37') LIMIT 1; 
PARAMETERS: []
[2025-02-02T14:03:35.648Z] EXECUTING: Executing (default): SELECT COUNT(DISTINCT INDEX_NAME) as count 
          FROM information_schema.STATISTICS 
          WHERE TABLE_SCHEMA = 'def_project' 
          AND TABLE_NAME = 'emailusers' 
PARAMETERS: []
[2025-02-02T14:03:35.775Z] EXECUTING: Executing (default): INSERT INTO `emailusers` (`id`,`email`,`password`,`userId`,`verificationCode`,`verificationExpires`,`isVerified`,`profileImg`,`stylePreferences`,`size`,`hasCompletedPreferences`,`createdAt`,`updatedAt`) VALUES (DEFAULT,?,?,?,?,?,?,?,?,?,?,?,?); 
PARAMETERS: ["sakills914@gmail.com","$2b$10$JI7rppj1zaydtV1SvWA9IOiNo.8bgYbucR78eK3o7P/RKHRfuC2S6","sakills37","728059","2025-02-02 14:33:35",false,"{\"desktop\":\"/uploads/desktop/default.jpg\",\"mobile\":\"/uploads/mobile/default.jpg\"}","[]","M",false,"2025-02-02 14:03:35","2025-02-02 14:03:35"]
[2025-02-02T14:04:09.606Z] EXECUTING: Executing (default): SELECT `id`, `email`, `password`, `userId`, `verificationCode`, `verificationExpires`, `isVerified`, `profileImg`, `stylePreferences`, `size`, `hasCompletedPreferences`, `createdAt`, `updatedAt` FROM `emailusers` AS `EmailUser` WHERE (`EmailUser`.`email` = 'sakills914@gmail.com' OR `EmailUser`.`userId` = 'sakills37') LIMIT 1; 
PARAMETERS: []
[2025-02-02T14:04:09.610Z] EXECUTING: Executing (default): SELECT COUNT(DISTINCT INDEX_NAME) as count 
          FROM information_schema.STATISTICS 
          WHERE TABLE_SCHEMA = 'def_project' 
          AND TABLE_NAME = 'emailusers' 
PARAMETERS: []
[2025-02-02T14:04:09.676Z] EXECUTING: Executing (default): INSERT INTO `emailusers` (`id`,`email`,`password`,`userId`,`verificationCode`,`verificationExpires`,`isVerified`,`profileImg`,`stylePreferences`,`size`,`hasCompletedPreferences`,`createdAt`,`updatedAt`) VALUES (DEFAULT,?,?,?,?,?,?,?,?,?,?,?,?); 
PARAMETERS: ["sakills914@gmail.com","$2b$10$Q.pxc6HXCE0ZM/.PWVc5x.jSppXtkkmDfziBekd/TzXIQZi3XddXq","sakills37","494681","2025-02-02 14:34:09",false,"{\"desktop\":\"/uploads/desktop/default.jpg\",\"mobile\":\"/uploads/mobile/default.jpg\"}","[]","M",false,"2025-02-02 14:04:09","2025-02-02 14:04:09"]
[2025-02-02T14:04:34.082Z] EXECUTING: Executing (default): SELECT 1+1 AS result 
PARAMETERS: []
[2025-02-02T14:04:34.085Z] EXECUTING: Executing (default): SELECT `id`, `email`, `password`, `userId`, `verificationCode`, `verificationExpires`, `isVerified`, `profileImg`, `stylePreferences`, `size`, `hasCompletedPreferences`, `createdAt`, `updatedAt` FROM `emailusers` AS `EmailUser` WHERE `EmailUser`.`userId` = 'sakills37'; 
PARAMETERS: []
[2025-02-02T14:04:34.094Z] EXECUTING: Executing (default): SELECT `id`, `email`, `password`, `userId`, `verificationCode`, `verificationExpires`, `isVerified`, `profileImg`, `stylePreferences`, `size`, `hasCompletedPreferences`, `createdAt`, `updatedAt` FROM `emailusers` AS `EmailUser` WHERE `EmailUser`.`id` = 2; 
PARAMETERS: []
[2025-02-02T14:06:25.283Z] EXECUTING: Executing (default): SELECT 1+1 AS result 
PARAMETERS: []
[2025-02-02T14:06:25.285Z] EXECUTING: Executing (default): SHOW INDEX FROM `emailusers` 
PARAMETERS: []
[2025-02-02T14:06:25.302Z] EXECUTING: Executing (default): SELECT `id`, `email`, `password`, `userId`, `verificationCode`, `verificationExpires`, `isVerified`, `profileImg`, `stylePreferences`, `size`, `hasCompletedPreferences`, `createdAt`, `updatedAt` FROM `emailusers` AS `EmailUser` WHERE `EmailUser`.`userId` = 'sakills37'; 
PARAMETERS: []
[2025-02-02T14:06:29.370Z] EXECUTING: Executing (default): SELECT 1+1 AS result 
PARAMETERS: []
[2025-02-02T14:06:29.372Z] EXECUTING: Executing (default): SELECT `id`, `email`, `password`, `userId`, `verificationCode`, `verificationExpires`, `isVerified`, `profileImg`, `stylePreferences`, `size`, `hasCompletedPreferences`, `createdAt`, `updatedAt` FROM `emailusers` AS `EmailUser` WHERE `EmailUser`.`userId` = 'sakills37'; 
PARAMETERS: []
[2025-02-02T14:06:34.821Z] EXECUTING: Executing (default): SELECT 1+1 AS result 
PARAMETERS: []
[2025-02-02T14:06:34.823Z] EXECUTING: Executing (default): SELECT `id`, `email`, `password`, `userId`, `verificationCode`, `verificationExpires`, `isVerified`, `profileImg`, `stylePreferences`, `size`, `hasCompletedPreferences`, `createdAt`, `updatedAt` FROM `emailusers` AS `EmailUser` WHERE (`EmailUser`.`email` = 'sakills914@gmail.com' OR `EmailUser`.`userId` = 'sakills37') LIMIT 1; 
PARAMETERS: []
[2025-02-02T14:06:34.832Z] EXECUTING: Executing (default): SELECT COUNT(DISTINCT INDEX_NAME) as count 
          FROM information_schema.STATISTICS 
          WHERE TABLE_SCHEMA = 'def_project' 
          AND TABLE_NAME = 'emailusers' 
PARAMETERS: []
[2025-02-02T14:06:34.915Z] EXECUTING: Executing (default): INSERT INTO `emailusers` (`id`,`email`,`password`,`userId`,`verificationCode`,`verificationExpires`,`isVerified`,`profileImg`,`stylePreferences`,`size`,`hasCompletedPreferences`,`createdAt`,`updatedAt`) VALUES (DEFAULT,?,?,?,?,?,?,?,?,?,?,?,?); 
PARAMETERS: ["sakills914@gmail.com","$2b$10$y.hGIM6vh822NU7OnqIgHej9/QAdtbKbEO4wGaDEw8BlRMDwAcyH2","sakills37","813430","2025-02-02 14:36:34",false,"{\"desktop\":\"/uploads/desktop/default.jpg\",\"mobile\":\"/uploads/mobile/default.jpg\"}","[]","M",false,"2025-02-02 14:06:34","2025-02-02 14:06:34"]
[2025-02-02T14:06:51.630Z] EXECUTING: Executing (default): SELECT `id`, `email`, `password`, `userId`, `verificationCode`, `verificationExpires`, `isVerified`, `profileImg`, `stylePreferences`, `size`, `hasCompletedPreferences`, `createdAt`, `updatedAt` FROM `emailusers` AS `EmailUser` WHERE `EmailUser`.`userId` = 'sakills37'; 
PARAMETERS: []
[2025-02-02T14:06:59.205Z] EXECUTING: Executing (default): SELECT 1+1 AS result 
PARAMETERS: []
[2025-02-02T14:06:59.207Z] EXECUTING: Executing (default): SELECT `id`, `email`, `password`, `userId`, `verificationCode`, `verificationExpires`, `isVerified`, `profileImg`, `stylePreferences`, `size`, `hasCompletedPreferences`, `createdAt`, `updatedAt` FROM `emailusers` AS `EmailUser` WHERE `EmailUser`.`userId` = 'sakills37'; 
PARAMETERS: []
[2025-02-02T14:06:59.216Z] EXECUTING: Executing (default): SELECT `id`, `email`, `password`, `userId`, `verificationCode`, `verificationExpires`, `isVerified`, `profileImg`, `stylePreferences`, `size`, `hasCompletedPreferences`, `createdAt`, `updatedAt` FROM `emailusers` AS `EmailUser` WHERE `EmailUser`.`id` = 1; 
PARAMETERS: []
[2025-02-02T14:07:20.174Z] EXECUTING: Executing (default): SELECT 1+1 AS result 
PARAMETERS: []
[2025-02-02T14:07:28.214Z] EXECUTING: Executing (default): SELECT 1+1 AS result 
PARAMETERS: []
[2025-02-02T14:07:28.215Z] EXECUTING: Executing (default): SELECT `id`, `email`, `password`, `userId`, `verificationCode`, `verificationExpires`, `isVerified`, `profileImg`, `stylePreferences`, `size`, `hasCompletedPreferences`, `createdAt`, `updatedAt` FROM `emailusers` AS `EmailUser` WHERE (`EmailUser`.`email` = 'sakills914@gmail.com' OR `EmailUser`.`userId` = 'sakills37') LIMIT 1; 
PARAMETERS: []
[2025-02-02T14:07:28.225Z] EXECUTING: Executing (default): SELECT COUNT(DISTINCT INDEX_NAME) as count 
          FROM information_schema.STATISTICS 
          WHERE TABLE_SCHEMA = 'def_project' 
          AND TABLE_NAME = 'emailusers' 
PARAMETERS: []
[2025-02-02T14:07:28.311Z] EXECUTING: Executing (default): INSERT INTO `emailusers` (`id`,`email`,`password`,`userId`,`verificationCode`,`verificationExpires`,`isVerified`,`profileImg`,`stylePreferences`,`size`,`hasCompletedPreferences`,`createdAt`,`updatedAt`) VALUES (DEFAULT,?,?,?,?,?,?,?,?,?,?,?,?); 
PARAMETERS: ["sakills914@gmail.com","$2b$10$YwuKz3e/2ZKpNdW77wp.9.zbSRVYhTxy7TYOPa6l.ZEReGf73RWsu","sakills37","443492","2025-02-02 14:37:28",false,"{\"desktop\":\"/uploads/desktop/default.jpg\",\"mobile\":\"/uploads/mobile/default.jpg\"}","[]","M",false,"2025-02-02 14:07:28","2025-02-02 14:07:28"]
[2025-02-02T14:08:04.165Z] EXECUTING: Executing (default): SELECT `id`, `email`, `password`, `userId`, `verificationCode`, `verificationExpires`, `isVerified`, `profileImg`, `stylePreferences`, `size`, `hasCompletedPreferences`, `createdAt`, `updatedAt` FROM `emailusers` AS `EmailUser` WHERE (`EmailUser`.`email` = 'example@gmail.com' OR `EmailUser`.`userId` = 'user') LIMIT 1; 
PARAMETERS: []
[2025-02-02T14:08:04.169Z] EXECUTING: Executing (default): SELECT COUNT(DISTINCT INDEX_NAME) as count 
          FROM information_schema.STATISTICS 
          WHERE TABLE_SCHEMA = 'def_project' 
          AND TABLE_NAME = 'emailusers' 
PARAMETERS: []
[2025-02-02T14:08:04.234Z] EXECUTING: Executing (default): INSERT INTO `emailusers` (`id`,`email`,`password`,`userId`,`verificationCode`,`verificationExpires`,`isVerified`,`profileImg`,`stylePreferences`,`size`,`hasCompletedPreferences`,`createdAt`,`updatedAt`) VALUES (DEFAULT,?,?,?,?,?,?,?,?,?,?,?,?); 
PARAMETERS: ["example@gmail.com","$2b$10$gF4YRHTOpMnywQ777pTbK.85/rM6fRvHvroy8HwW8AibUNwjk3Iy.","user","476263","2025-02-02 14:38:04",false,"{\"desktop\":\"/uploads/desktop/default.jpg\",\"mobile\":\"/uploads/mobile/default.jpg\"}","[]","M",false,"2025-02-02 14:08:04","2025-02-02 14:08:04"]
[2025-02-02T14:08:13.169Z] EXECUTING: Executing (default): SELECT `id`, `email`, `password`, `userId`, `verificationCode`, `verificationExpires`, `isVerified`, `profileImg`, `stylePreferences`, `size`, `hasCompletedPreferences`, `createdAt`, `updatedAt` FROM `emailusers` AS `EmailUser` WHERE (`EmailUser`.`email` = 'example@gmail.com' OR `EmailUser`.`userId` = 'user') LIMIT 1; 
PARAMETERS: []
[2025-02-02T14:08:33.771Z] EXECUTING: Executing (default): SELECT `id`, `email`, `password`, `userId`, `verificationCode`, `verificationExpires`, `isVerified`, `profileImg`, `stylePreferences`, `size`, `hasCompletedPreferences`, `createdAt`, `updatedAt` FROM `emailusers` AS `EmailUser` WHERE (`EmailUser`.`email` = 'example@gmail.com' OR `EmailUser`.`userId` = 'user1') LIMIT 1; 
PARAMETERS: []
[2025-02-02T14:08:41.955Z] EXECUTING: Executing (default): SELECT `id`, `email`, `password`, `userId`, `verificationCode`, `verificationExpires`, `isVerified`, `profileImg`, `stylePreferences`, `size`, `hasCompletedPreferences`, `createdAt`, `updatedAt` FROM `emailusers` AS `EmailUser` WHERE (`EmailUser`.`email` = 'example3@gmail.com' OR `EmailUser`.`userId` = 'user') LIMIT 1; 
PARAMETERS: []
[2025-02-02T14:08:55.041Z] EXECUTING: Executing (default): SELECT `id`, `email`, `password`, `userId`, `verificationCode`, `verificationExpires`, `isVerified`, `profileImg`, `stylePreferences`, `size`, `hasCompletedPreferences`, `createdAt`, `updatedAt` FROM `emailusers` AS `EmailUser` WHERE (`EmailUser`.`email` = 'example@gmail.com' OR `EmailUser`.`userId` = 'user') LIMIT 1; 
PARAMETERS: []
[2025-02-02T14:09:20.939Z] EXECUTING: Executing (default): SELECT `id`, `email`, `password`, `userId`, `verificationCode`, `verificationExpires`, `isVerified`, `profileImg`, `stylePreferences`, `size`, `hasCompletedPreferences`, `createdAt`, `updatedAt` FROM `emailusers` AS `EmailUser` WHERE (`EmailUser`.`email` = 'sakills914@gmail.com' OR `EmailUser`.`userId` = 'sakills37') LIMIT 1; 
PARAMETERS: []
[2025-02-02T14:09:25.020Z] EXECUTING: Executing (default): SELECT `id`, `email`, `password`, `userId`, `verificationCode`, `verificationExpires`, `isVerified`, `profileImg`, `stylePreferences`, `size`, `hasCompletedPreferences`, `createdAt`, `updatedAt` FROM `emailusers` AS `EmailUser` WHERE (`EmailUser`.`email` = 'example@gmail.com' OR `EmailUser`.`userId` = 'user') LIMIT 1; 
PARAMETERS: []
[2025-02-02T14:09:33.484Z] EXECUTING: Executing (default): SELECT `id`, `email`, `password`, `userId`, `verificationCode`, `verificationExpires`, `isVerified`, `profileImg`, `stylePreferences`, `size`, `hasCompletedPreferences`, `createdAt`, `updatedAt` FROM `emailusers` AS `EmailUser` WHERE `EmailUser`.`userId` = 'sakills37'; 
PARAMETERS: []
[2025-02-02T14:10:12.539Z] EXECUTING: Executing (default): SELECT `id`, `email`, `password`, `userId`, `verificationCode`, `verificationExpires`, `isVerified`, `profileImg`, `stylePreferences`, `size`, `hasCompletedPreferences`, `createdAt`, `updatedAt` FROM `emailusers` AS `EmailUser` WHERE `EmailUser`.`userId` = 'sakills37'; 
PARAMETERS: []
[2025-02-02T14:10:12.544Z] EXECUTING: Executing (default): SELECT `id`, `email`, `password`, `userId`, `verificationCode`, `verificationExpires`, `isVerified`, `profileImg`, `stylePreferences`, `size`, `hasCompletedPreferences`, `createdAt`, `updatedAt` FROM `emailusers` AS `EmailUser` WHERE `EmailUser`.`id` = 1; 
PARAMETERS: []
[2025-02-02T14:10:12.549Z] EXECUTING: Executing (default): UPDATE `emailusers` SET `isVerified`=?,`verificationCode`=?,`verificationExpires`=?,`updatedAt`=? WHERE `id` = ? 
PARAMETERS: [true,null,null,"2025-02-02 14:10:12",1]
[2025-02-02T14:10:22.365Z] EXECUTING: Executing (default): SELECT `id`, `email`, `password`, `userId`, `verificationCode`, `verificationExpires`, `isVerified`, `profileImg`, `stylePreferences`, `size`, `hasCompletedPreferences`, `createdAt`, `updatedAt` FROM `emailusers` AS `EmailUser` WHERE `EmailUser`.`userId` = 'sakills37'; 
PARAMETERS: []
[2025-02-02T14:11:12.275Z] EXECUTING: Executing (default): SELECT 1+1 AS result 
PARAMETERS: []
[2025-02-02T14:11:12.279Z] EXECUTING: Executing (default): SHOW INDEX FROM `emailusers` 
PARAMETERS: []
[2025-02-02T14:11:12.320Z] EXECUTING: Executing (default): SELECT `id`, `email`, `password`, `userId`, `verificationCode`, `verificationExpires`, `isVerified`, `profileImg`, `stylePreferences`, `size`, `hasCompletedPreferences`, `createdAt`, `updatedAt` FROM `emailusers` AS `EmailUser` WHERE `EmailUser`.`userId` = 'sakills37'; 
PARAMETERS: []
[2025-02-02T14:15:32.596Z] EXECUTING: Executing (default): SELECT 1+1 AS result 
PARAMETERS: []
[2025-02-02T14:15:32.601Z] EXECUTING: Executing (default): SHOW INDEX FROM `emailusers` 
PARAMETERS: []
[2025-02-02T14:15:32.637Z] EXECUTING: Executing (default): SELECT `id`, `email`, `password`, `userId`, `verificationCode`, `verificationExpires`, `isVerified`, `profileImg`, `stylePreferences`, `size`, `hasCompletedPreferences`, `createdAt`, `updatedAt` FROM `emailusers` AS `EmailUser` WHERE `EmailUser`.`userId` = 'sakills37'; 
PARAMETERS: []
[2025-02-02T14:16:33.168Z] EXECUTING: Executing (default): SELECT 1+1 AS result 
PARAMETERS: []
[2025-02-02T14:16:33.170Z] EXECUTING: Executing (default): SELECT `id`, `email`, `password`, `userId`, `verificationCode`, `verificationExpires`, `isVerified`, `profileImg`, `stylePreferences`, `size`, `hasCompletedPreferences`, `createdAt`, `updatedAt` FROM `emailusers` AS `EmailUser` WHERE `EmailUser`.`userId` = 'sakills37'; 
PARAMETERS: []
[2025-02-02T14:19:01.991Z] EXECUTING: Executing (default): SELECT 1+1 AS result 
PARAMETERS: []
[2025-02-02T14:19:01.993Z] EXECUTING: Executing (default): SELECT `id`, `email`, `password`, `userId`, `verificationCode`, `verificationExpires`, `isVerified`, `profileImg`, `stylePreferences`, `size`, `hasCompletedPreferences`, `createdAt`, `updatedAt` FROM `emailusers` AS `EmailUser` WHERE (`EmailUser`.`email` = 'sakills914@gmail.com' OR `EmailUser`.`userId` = 'sakills37') LIMIT 1; 
PARAMETERS: []
[2025-02-02T14:19:02.013Z] EXECUTING: Executing (default): SELECT COUNT(DISTINCT INDEX_NAME) as count 
          FROM information_schema.STATISTICS 
          WHERE TABLE_SCHEMA = 'def_project' 
          AND TABLE_NAME = 'emailusers' 
PARAMETERS: []
[2025-02-02T14:19:02.109Z] EXECUTING: Executing (default): INSERT INTO `emailusers` (`id`,`email`,`password`,`userId`,`verificationCode`,`verificationExpires`,`isVerified`,`profileImg`,`stylePreferences`,`size`,`hasCompletedPreferences`,`createdAt`,`updatedAt`) VALUES (DEFAULT,?,?,?,?,?,?,?,?,?,?,?,?); 
PARAMETERS: ["sakills914@gmail.com","$2b$10$ERdDSJymIN.j0P/Y6QO/R.71KnFwgvT1rb/BTqpCtsvNt/j3Q2edW","sakills37","252399","2025-02-02 14:49:02",false,"{\"desktop\":\"/uploads/desktop/default.jpg\",\"mobile\":\"/uploads/mobile/default.jpg\"}","[]","M",false,"2025-02-02 14:19:02","2025-02-02 14:19:02"]
[2025-02-02T14:19:19.027Z] EXECUTING: Executing (default): SELECT 1+1 AS result 
PARAMETERS: []
[2025-02-02T14:19:19.029Z] EXECUTING: Executing (default): SELECT `id`, `email`, `password`, `userId`, `verificationCode`, `verificationExpires`, `isVerified`, `profileImg`, `stylePreferences`, `size`, `hasCompletedPreferences`, `createdAt`, `updatedAt` FROM `emailusers` AS `EmailUser` WHERE `EmailUser`.`userId` = 'sakills37'; 
PARAMETERS: []
[2025-02-02T14:19:19.036Z] EXECUTING: Executing (default): SELECT `id`, `email`, `password`, `userId`, `verificationCode`, `verificationExpires`, `isVerified`, `profileImg`, `stylePreferences`, `size`, `hasCompletedPreferences`, `createdAt`, `updatedAt` FROM `emailusers` AS `EmailUser` WHERE `EmailUser`.`id` = 1; 
PARAMETERS: []
[2025-02-02T14:19:19.050Z] EXECUTING: Executing (default): UPDATE `emailusers` SET `isVerified`=?,`verificationCode`=?,`verificationExpires`=?,`updatedAt`=? WHERE `id` = ? 
PARAMETERS: [true,null,null,"2025-02-02 14:19:19",1]
[2025-02-02T14:26:08.065Z] EXECUTING: Executing (default): SELECT 1+1 AS result 
PARAMETERS: []
[2025-02-02T14:26:08.068Z] EXECUTING: Executing (default): SELECT `id`, `email`, `password`, `userId`, `verificationCode`, `verificationExpires`, `isVerified`, `profileImg`, `stylePreferences`, `size`, `hasCompletedPreferences`, `createdAt`, `updatedAt` FROM `emailusers` AS `EmailUser` WHERE (`EmailUser`.`email` = 'kimyoujin0821@gmail.com' OR `EmailUser`.`userId` = 'user') LIMIT 1; 
PARAMETERS: []
[2025-02-02T14:26:08.072Z] EXECUTING: Executing (default): SELECT TABLE_NAME FROM INFORMATION_SCHEMA.TABLES WHERE TABLE_TYPE = 'BASE TABLE' AND TABLE_NAME = 'emailusers' AND TABLE_SCHEMA = 'def_project' 
PARAMETERS: []
[2025-02-02T14:26:08.081Z] EXECUTING: Executing (default): SELECT COUNT(DISTINCT INDEX_NAME) as count 
          FROM information_schema.STATISTICS 
          WHERE TABLE_SCHEMA = 'def_project' 
          AND TABLE_NAME = 'emailusers' 
PARAMETERS: []
[2025-02-02T14:26:08.171Z] EXECUTING: Executing (default): INSERT INTO `emailusers` (`id`,`email`,`password`,`userId`,`verificationCode`,`verificationExpires`,`isVerified`,`profileImg`,`stylePreferences`,`size`,`hasCompletedPreferences`,`createdAt`,`updatedAt`) VALUES (DEFAULT,?,?,?,?,?,?,?,?,?,?,?,?); 
PARAMETERS: ["kimyoujin0821@gmail.com","$2b$10$tqNXxrMcB7sdY4DyD5/IzumvtH7HGxzqcINEcfjZopjg.2hyoPXEu","user","272558","2025-02-02 14:56:08",false,"{\"desktop\":\"/uploads/desktop/default.jpg\",\"mobile\":\"/uploads/mobile/default.jpg\"}","[]","M",false,"2025-02-02 14:26:08","2025-02-02 14:26:08"]
[2025-02-02T14:26:50.982Z] EXECUTING: Executing (default): SELECT 1+1 AS result 
PARAMETERS: []
[2025-02-02T14:26:50.985Z] EXECUTING: Executing (default): SELECT TABLE_NAME FROM INFORMATION_SCHEMA.TABLES WHERE TABLE_TYPE = 'BASE TABLE' AND TABLE_NAME = 'emailusers' AND TABLE_SCHEMA = 'def_project' 
PARAMETERS: []
[2025-02-02T14:27:54.721Z] EXECUTING: Executing (default): SELECT `id`, `email`, `password`, `userId`, `verificationCode`, `verificationExpires`, `isVerified`, `profileImg`, `stylePreferences`, `size`, `hasCompletedPreferences`, `createdAt`, `updatedAt` FROM `emailusers` AS `EmailUser` WHERE `EmailUser`.`userId` = 'user'; 
PARAMETERS: []
[2025-02-02T14:27:54.727Z] EXECUTING: Executing (default): SELECT `id`, `email`, `password`, `userId`, `verificationCode`, `verificationExpires`, `isVerified`, `profileImg`, `stylePreferences`, `size`, `hasCompletedPreferences`, `createdAt`, `updatedAt` FROM `emailusers` AS `EmailUser` WHERE `EmailUser`.`id` = 1; 
PARAMETERS: []
[2025-02-02T14:30:10.262Z] EXECUTING: Executing (default): SELECT 1+1 AS result 
PARAMETERS: []
[2025-02-02T14:30:10.263Z] EXECUTING: Executing (default): SELECT `id`, `email`, `password`, `userId`, `verificationCode`, `verificationExpires`, `isVerified`, `profileImg`, `stylePreferences`, `size`, `hasCompletedPreferences`, `createdAt`, `updatedAt` FROM `emailusers` AS `EmailUser` WHERE `EmailUser`.`userId` = 'sakills37'; 
PARAMETERS: []
[2025-02-02T14:30:10.266Z] EXECUTING: Executing (default): SELECT TABLE_NAME FROM INFORMATION_SCHEMA.TABLES WHERE TABLE_TYPE = 'BASE TABLE' AND TABLE_NAME = 'emailusers' AND TABLE_SCHEMA = 'def_project' 
PARAMETERS: []
[2025-02-02T14:30:14.002Z] EXECUTING: Executing (default): SELECT 1+1 AS result 
PARAMETERS: []
[2025-02-02T14:30:14.005Z] EXECUTING: Executing (default): SELECT `id`, `email`, `password`, `userId`, `verificationCode`, `verificationExpires`, `isVerified`, `profileImg`, `stylePreferences`, `size`, `hasCompletedPreferences`, `createdAt`, `updatedAt` FROM `emailusers` AS `EmailUser` WHERE (`EmailUser`.`email` = 'sakills914@gmail.com' OR `EmailUser`.`userId` = 'sakills37') LIMIT 1; 
PARAMETERS: []
[2025-02-02T14:30:14.006Z] EXECUTING: Executing (default): SELECT TABLE_NAME FROM INFORMATION_SCHEMA.TABLES WHERE TABLE_TYPE = 'BASE TABLE' AND TABLE_NAME = 'emailusers' AND TABLE_SCHEMA = 'def_project' 
PARAMETERS: []
[2025-02-02T14:30:14.012Z] EXECUTING: Executing (default): SELECT COUNT(DISTINCT INDEX_NAME) as count 
          FROM information_schema.STATISTICS 
          WHERE TABLE_SCHEMA = 'def_project' 
          AND TABLE_NAME = 'emailusers' 
PARAMETERS: []
[2025-02-02T14:30:14.098Z] EXECUTING: Executing (default): INSERT INTO `emailusers` (`id`,`email`,`password`,`userId`,`verificationCode`,`verificationExpires`,`isVerified`,`profileImg`,`stylePreferences`,`size`,`hasCompletedPreferences`,`createdAt`,`updatedAt`) VALUES (DEFAULT,?,?,?,?,?,?,?,?,?,?,?,?); 
PARAMETERS: ["sakills914@gmail.com","$2b$10$yTSkLhAPyvsztyox/suSOeFzrNxndXdd4H7/QepauFZiVYMxfkamq","sakills37","960366","2025-02-02 15:00:14",false,"{\"desktop\":\"/uploads/desktop/default.jpg\",\"mobile\":\"/uploads/mobile/default.jpg\"}","[]","M",false,"2025-02-02 14:30:14","2025-02-02 14:30:14"]
[2025-02-02T14:30:32.766Z] EXECUTING: Executing (default): SELECT `id`, `email`, `password`, `userId`, `verificationCode`, `verificationExpires`, `isVerified`, `profileImg`, `stylePreferences`, `size`, `hasCompletedPreferences`, `createdAt`, `updatedAt` FROM `emailusers` AS `EmailUser` WHERE `EmailUser`.`userId` = 'sakills37'; 
PARAMETERS: []
[2025-02-02T14:30:32.770Z] EXECUTING: Executing (default): SELECT `id`, `email`, `password`, `userId`, `verificationCode`, `verificationExpires`, `isVerified`, `profileImg`, `stylePreferences`, `size`, `hasCompletedPreferences`, `createdAt`, `updatedAt` FROM `emailusers` AS `EmailUser` WHERE `EmailUser`.`id` = 2; 
PARAMETERS: []
[2025-02-02T14:30:32.774Z] EXECUTING: Executing (830939b0-7afc-4e92-8970-bafef28ecc78): START TRANSACTION; 
PARAMETERS: []
[2025-02-02T14:30:32.778Z] EXECUTING: Executing (830939b0-7afc-4e92-8970-bafef28ecc78): UPDATE `emailusers` SET `isVerified`=?,`verificationCode`=?,`verificationExpires`=?,`updatedAt`=? WHERE `id` = ? 
PARAMETERS: [true,null,null,"2025-02-02 14:30:32",2]
[2025-02-02T14:30:32.781Z] EXECUTING: Executing (830939b0-7afc-4e92-8970-bafef28ecc78): COMMIT; 
PARAMETERS: []
[2025-02-02T14:30:39.222Z] EXECUTING: Executing (default): SELECT 1+1 AS result 
PARAMETERS: []
[2025-02-02T14:30:39.224Z] EXECUTING: Executing (default): SELECT `id`, `email`, `password`, `userId`, `verificationCode`, `verificationExpires`, `isVerified`, `profileImg`, `stylePreferences`, `size`, `hasCompletedPreferences`, `createdAt`, `updatedAt` FROM `emailusers` AS `EmailUser` WHERE `EmailUser`.`userId` = 'sakills37'; 
PARAMETERS: []
[2025-02-02T14:30:39.227Z] EXECUTING: Executing (default): SELECT TABLE_NAME FROM INFORMATION_SCHEMA.TABLES WHERE TABLE_TYPE = 'BASE TABLE' AND TABLE_NAME = 'emailusers' AND TABLE_SCHEMA = 'def_project' 
PARAMETERS: []
[2025-02-02T14:30:46.123Z] EXECUTING: Executing (default): SELECT `id`, `email`, `password`, `userId`, `verificationCode`, `verificationExpires`, `isVerified`, `profileImg`, `stylePreferences`, `size`, `hasCompletedPreferences`, `createdAt`, `updatedAt` FROM `emailusers` AS `EmailUser` WHERE (`EmailUser`.`email` = 'kimyoujin0821@gmail.com' OR `EmailUser`.`userId` = 'user') LIMIT 1; 
PARAMETERS: []
[2025-02-02T14:30:46.127Z] EXECUTING: Executing (default): SELECT COUNT(DISTINCT INDEX_NAME) as count 
          FROM information_schema.STATISTICS 
          WHERE TABLE_SCHEMA = 'def_project' 
          AND TABLE_NAME = 'emailusers' 
PARAMETERS: []
[2025-02-02T14:30:46.198Z] EXECUTING: Executing (default): INSERT INTO `emailusers` (`id`,`email`,`password`,`userId`,`verificationCode`,`verificationExpires`,`isVerified`,`profileImg`,`stylePreferences`,`size`,`hasCompletedPreferences`,`createdAt`,`updatedAt`) VALUES (DEFAULT,?,?,?,?,?,?,?,?,?,?,?,?); 
PARAMETERS: ["kimyoujin0821@gmail.com","$2b$10$MMmE0bv4r0Y36Y0CmjP/uO/bC113EQqSgEbpZXmw.pUDyqBa3beD.","user","597793","2025-02-02 15:00:46",false,"{\"desktop\":\"/uploads/desktop/default.jpg\",\"mobile\":\"/uploads/mobile/default.jpg\"}","[]","M",false,"2025-02-02 14:30:46","2025-02-02 14:30:46"]
[2025-02-02T14:31:12.792Z] EXECUTING: Executing (default): SELECT `id`, `email`, `password`, `userId`, `verificationCode`, `verificationExpires`, `isVerified`, `profileImg`, `stylePreferences`, `size`, `hasCompletedPreferences`, `createdAt`, `updatedAt` FROM `emailusers` AS `EmailUser` WHERE `EmailUser`.`userId` = 'user'; 
PARAMETERS: []
[2025-02-02T14:31:12.796Z] EXECUTING: Executing (default): SELECT `id`, `email`, `password`, `userId`, `verificationCode`, `verificationExpires`, `isVerified`, `profileImg`, `stylePreferences`, `size`, `hasCompletedPreferences`, `createdAt`, `updatedAt` FROM `emailusers` AS `EmailUser` WHERE `EmailUser`.`id` = 3; 
PARAMETERS: []
[2025-02-02T14:31:12.800Z] EXECUTING: Executing (505ecb51-66c5-49a3-b64f-9301ddb3e3e1): START TRANSACTION; 
PARAMETERS: []
[2025-02-02T14:31:12.803Z] EXECUTING: Executing (505ecb51-66c5-49a3-b64f-9301ddb3e3e1): UPDATE `emailusers` SET `isVerified`=?,`verificationCode`=?,`verificationExpires`=?,`updatedAt`=? WHERE `id` = ? 
PARAMETERS: [true,null,null,"2025-02-02 14:31:12",3]
[2025-02-02T14:31:12.806Z] EXECUTING: Executing (505ecb51-66c5-49a3-b64f-9301ddb3e3e1): COMMIT; 
PARAMETERS: []
[2025-02-02T14:31:51.196Z] EXECUTING: Executing (default): SELECT 1+1 AS result 
PARAMETERS: []
[2025-02-02T14:31:51.197Z] EXECUTING: Executing (default): SHOW INDEX FROM `emailusers` 
PARAMETERS: []
[2025-02-02T14:31:51.200Z] EXECUTING: Executing (default): SELECT TABLE_NAME FROM INFORMATION_SCHEMA.TABLES WHERE TABLE_TYPE = 'BASE TABLE' AND TABLE_NAME = 'emailusers' AND TABLE_SCHEMA = 'def_project' 
PARAMETERS: []
[2025-02-02T14:31:51.207Z] EXECUTING: Executing (default): SELECT `id`, `email`, `password`, `userId`, `verificationCode`, `verificationExpires`, `isVerified`, `profileImg`, `stylePreferences`, `size`, `hasCompletedPreferences`, `createdAt`, `updatedAt` FROM `emailusers` AS `EmailUser` WHERE `EmailUser`.`userId` = 'sakills37'; 
PARAMETERS: []
[2025-02-02T14:32:27.223Z] EXECUTING: Executing (default): SELECT 1+1 AS result 
PARAMETERS: []
[2025-02-02T14:32:27.238Z] EXECUTING: Executing (default): SELECT TABLE_NAME FROM INFORMATION_SCHEMA.TABLES WHERE TABLE_TYPE = 'BASE TABLE' AND TABLE_NAME = 'emailusers' AND TABLE_SCHEMA = 'def_project' 
PARAMETERS: []
[2025-02-02T14:44:35.509Z] EXECUTING: Executing (default): SELECT 1+1 AS result 
PARAMETERS: []
[2025-02-02T14:44:35.515Z] EXECUTING: Executing (default): SELECT `id`, `email`, `password`, `userId`, `verificationCode`, `verificationExpires`, `isVerified`, `profileImg`, `stylePreferences`, `size`, `hasCompletedPreferences`, `createdAt`, `updatedAt` FROM `emailusers` AS `EmailUser` WHERE (`EmailUser`.`email` = 'sakills914@gmail.com' OR `EmailUser`.`userId` = 'sakills37') LIMIT 1; 
PARAMETERS: []
[2025-02-02T14:44:35.520Z] EXECUTING: Executing (default): SELECT TABLE_NAME FROM INFORMATION_SCHEMA.TABLES WHERE TABLE_TYPE = 'BASE TABLE' AND TABLE_NAME = 'emailusers' AND TABLE_SCHEMA = 'def_project' 
PARAMETERS: []
[2025-02-02T14:44:41.273Z] EXECUTING: Executing (default): SELECT 1+1 AS result 
PARAMETERS: []
[2025-02-02T14:44:41.275Z] EXECUTING: Executing (default): SHOW INDEX FROM `emailusers` 
PARAMETERS: []
[2025-02-02T14:44:41.279Z] EXECUTING: Executing (default): SELECT TABLE_NAME FROM INFORMATION_SCHEMA.TABLES WHERE TABLE_TYPE = 'BASE TABLE' AND TABLE_NAME = 'emailusers' AND TABLE_SCHEMA = 'def_project' 
PARAMETERS: []
[2025-02-02T14:44:41.297Z] EXECUTING: Executing (default): SELECT `id`, `email`, `password`, `userId`, `verificationCode`, `verificationExpires`, `isVerified`, `profileImg`, `stylePreferences`, `size`, `hasCompletedPreferences`, `createdAt`, `updatedAt` FROM `emailusers` AS `EmailUser` WHERE `EmailUser`.`userId` = 'sakills37'; 
PARAMETERS: []
[2025-02-02T14:44:41.324Z] EXECUTING: Executing (default): UPDATE `emailusers` SET `stylePreferences`=?,`profileImg`=?,`hasCompletedPreferences`=?,`updatedAt`=? WHERE `id` = ? 
PARAMETERS: ["[\"미니멀록\",\"스트릿패션\",\"럭셔리룩\"]","{\"desktop\":\"/uploads/User_profile/sakills37/desktop_sakills37.webp\",\"mobile\":\"/uploads/User_profile/sakills37/mobile_sakills37.webp\"}",true,"2025-02-02 14:44:41",2]
[2025-02-02T14:47:55.999Z] EXECUTING: Executing (default): SELECT 1+1 AS result 
PARAMETERS: []
[2025-02-02T14:47:56.003Z] EXECUTING: Executing (default): SELECT `id`, `email`, `password`, `userId`, `verificationCode`, `verificationExpires`, `isVerified`, `profileImg`, `stylePreferences`, `size`, `hasCompletedPreferences`, `createdAt`, `updatedAt` FROM `emailusers` AS `EmailUser` WHERE `EmailUser`.`userId` = 'sakills37'; 
PARAMETERS: []
[2025-02-02T14:47:56.008Z] EXECUTING: Executing (default): SELECT TABLE_NAME FROM INFORMATION_SCHEMA.TABLES WHERE TABLE_TYPE = 'BASE TABLE' AND TABLE_NAME = 'emailusers' AND TABLE_SCHEMA = 'def_project' 
PARAMETERS: []
[2025-02-02T14:49:58.325Z] EXECUTING: Executing (default): SELECT 1+1 AS result 
PARAMETERS: []
[2025-02-02T14:49:58.328Z] EXECUTING: Executing (default): SELECT `id`, `email`, `password`, `userId`, `verificationCode`, `verificationExpires`, `isVerified`, `profileImg`, `stylePreferences`, `size`, `hasCompletedPreferences`, `createdAt`, `updatedAt` FROM `emailusers` AS `EmailUser` WHERE (`EmailUser`.`email` = 'kimyoujin0821@gmail.com' OR `EmailUser`.`userId` = 'user') LIMIT 1; 
PARAMETERS: []
[2025-02-02T14:49:58.330Z] EXECUTING: Executing (default): SELECT TABLE_NAME FROM INFORMATION_SCHEMA.TABLES WHERE TABLE_TYPE = 'BASE TABLE' AND TABLE_NAME = 'emailusers' AND TABLE_SCHEMA = 'def_project' 
PARAMETERS: []
[2025-02-02T14:52:08.796Z] EXECUTING: Executing (default): SELECT 1+1 AS result 
PARAMETERS: []
[2025-02-02T14:52:08.798Z] EXECUTING: Executing (default): SHOW INDEX FROM `emailusers` 
PARAMETERS: []
[2025-02-02T14:52:08.800Z] EXECUTING: Executing (default): SELECT TABLE_NAME FROM INFORMATION_SCHEMA.TABLES WHERE TABLE_TYPE = 'BASE TABLE' AND TABLE_NAME = 'emailusers' AND TABLE_SCHEMA = 'def_project' 
PARAMETERS: []
[2025-02-02T14:52:21.342Z] EXECUTING: Executing (default): SHOW INDEX FROM `emailusers` 
PARAMETERS: []
[2025-02-02T15:04:53.085Z] EXECUTING: Executing (default): SELECT 1+1 AS result 
PARAMETERS: []
[2025-02-02T15:04:53.088Z] EXECUTING: Executing (default): SHOW INDEX FROM `emailusers` 
PARAMETERS: []
[2025-02-02T15:04:53.095Z] EXECUTING: Executing (default): SELECT TABLE_NAME FROM INFORMATION_SCHEMA.TABLES WHERE TABLE_TYPE = 'BASE TABLE' AND TABLE_NAME = 'emailusers' AND TABLE_SCHEMA = 'def_project' 
PARAMETERS: []
[2025-02-02T15:05:33.669Z] EXECUTING: Executing (default): SHOW INDEX FROM `emailusers` 
PARAMETERS: []
[2025-02-02T15:05:33.683Z] EXECUTING: Executing (default): SELECT `id`, `email`, `password`, `userId`, `verificationCode`, `verificationExpires`, `isVerified`, `profileImg`, `stylePreferences`, `size`, `hasCompletedPreferences`, `createdAt`, `updatedAt` FROM `emailusers` AS `EmailUser` WHERE `EmailUser`.`userId` = 'sakills37'; 
PARAMETERS: []
[2025-02-02T15:06:20.880Z] EXECUTING: Executing (default): SELECT 1+1 AS result 
PARAMETERS: []
[2025-02-02T15:06:20.885Z] EXECUTING: Executing (default): SELECT TABLE_NAME FROM INFORMATION_SCHEMA.TABLES WHERE TABLE_TYPE = 'BASE TABLE' AND TABLE_NAME = 'emailusers' AND TABLE_SCHEMA = 'def_project' 
PARAMETERS: []
[2025-02-02T15:06:29.053Z] EXECUTING: Executing (default): SHOW INDEX FROM `emailusers` 
PARAMETERS: []
[2025-02-02T15:08:21.324Z] EXECUTING: Executing (default): SHOW INDEX FROM `emailusers` 
PARAMETERS: []
[2025-02-02T15:08:30.694Z] EXECUTING: Executing (default): SELECT 1+1 AS result 
PARAMETERS: []
[2025-02-02T15:08:30.697Z] EXECUTING: Executing (default): SELECT `id`, `email`, `password`, `userId`, `verificationCode`, `verificationExpires`, `isVerified`, `profileImg`, `stylePreferences`, `size`, `hasCompletedPreferences`, `createdAt`, `updatedAt` FROM `emailusers` AS `EmailUser` WHERE (`EmailUser`.`email` = 'kimyoujin0821@gmail.com' OR `EmailUser`.`userId` = 'user') LIMIT 1; 
PARAMETERS: []
[2025-02-02T15:08:30.699Z] EXECUTING: Executing (default): SELECT TABLE_NAME FROM INFORMATION_SCHEMA.TABLES WHERE TABLE_TYPE = 'BASE TABLE' AND TABLE_NAME = 'emailusers' AND TABLE_SCHEMA = 'def_project' 
PARAMETERS: []
[2025-02-02T15:08:34.390Z] EXECUTING: Executing (default): SELECT 1+1 AS result 
PARAMETERS: []
[2025-02-02T15:08:34.391Z] EXECUTING: Executing (default): SELECT `id`, `email`, `password`, `userId`, `verificationCode`, `verificationExpires`, `isVerified`, `profileImg`, `stylePreferences`, `size`, `hasCompletedPreferences`, `createdAt`, `updatedAt` FROM `emailusers` AS `EmailUser` WHERE `EmailUser`.`userId` = 'user'; 
PARAMETERS: []
[2025-02-02T15:08:34.394Z] EXECUTING: Executing (default): SELECT TABLE_NAME FROM INFORMATION_SCHEMA.TABLES WHERE TABLE_TYPE = 'BASE TABLE' AND TABLE_NAME = 'emailusers' AND TABLE_SCHEMA = 'def_project' 
PARAMETERS: []
[2025-02-02T15:12:12.580Z] EXECUTING: Executing (default): SHOW INDEX FROM `emailusers` 
PARAMETERS: []
[2025-02-02T15:14:58.418Z] EXECUTING: Executing (default): SELECT 1+1 AS result 
PARAMETERS: []
[2025-02-02T15:14:58.423Z] EXECUTING: Executing (default): SHOW INDEX FROM `emailusers` 
PARAMETERS: []
[2025-02-02T15:14:58.426Z] EXECUTING: Executing (default): SELECT TABLE_NAME FROM INFORMATION_SCHEMA.TABLES WHERE TABLE_TYPE = 'BASE TABLE' AND TABLE_NAME = 'emailusers' AND TABLE_SCHEMA = 'def_project' 
PARAMETERS: []
[2025-02-02T15:16:00.233Z] EXECUTING: Executing (default): SHOW INDEX FROM `emailusers` 
PARAMETERS: []
[2025-02-02T15:16:02.928Z] EXECUTING: Executing (default): SHOW INDEX FROM `emailusers` 
PARAMETERS: []
[2025-02-02T15:16:09.185Z] EXECUTING: Executing (default): SHOW INDEX FROM `emailusers` 
PARAMETERS: []
[2025-02-02T15:17:37.296Z] EXECUTING: Executing (default): SELECT 1+1 AS result 
PARAMETERS: []
[2025-02-02T15:17:37.306Z] EXECUTING: Executing (default): SHOW INDEX FROM `emailusers` 
PARAMETERS: []
[2025-02-02T15:17:37.312Z] EXECUTING: Executing (default): SELECT TABLE_NAME FROM INFORMATION_SCHEMA.TABLES WHERE TABLE_TYPE = 'BASE TABLE' AND TABLE_NAME = 'emailusers' AND TABLE_SCHEMA = 'def_project' 
PARAMETERS: []
[2025-02-02T15:17:43.857Z] EXECUTING: Executing (default): SHOW INDEX FROM `emailusers` 
PARAMETERS: []
[2025-02-02T15:25:16.698Z] EXECUTING: Executing (default): SELECT 1+1 AS result 
PARAMETERS: []
[2025-02-02T15:25:16.701Z] EXECUTING: Executing (default): SHOW INDEX FROM `emailusers` 
PARAMETERS: []
[2025-02-02T15:25:16.705Z] EXECUTING: Executing (default): SELECT TABLE_NAME FROM INFORMATION_SCHEMA.TABLES WHERE TABLE_TYPE = 'BASE TABLE' AND TABLE_NAME = 'emailusers' AND TABLE_SCHEMA = 'def_project' 
PARAMETERS: []
[2025-02-02T15:30:02.354Z] EXECUTING: Executing (default): SELECT 1+1 AS result 
PARAMETERS: []
[2025-02-02T15:30:02.357Z] EXECUTING: Executing (default): SHOW INDEX FROM `emailusers` 
PARAMETERS: []
[2025-02-02T15:30:02.361Z] EXECUTING: Executing (default): SELECT TABLE_NAME FROM INFORMATION_SCHEMA.TABLES WHERE TABLE_TYPE = 'BASE TABLE' AND TABLE_NAME = 'emailusers' AND TABLE_SCHEMA = 'def_project' 
PARAMETERS: []
[2025-02-02T15:36:52.827Z] EXECUTING: Executing (default): SELECT 1+1 AS result 
PARAMETERS: []
[2025-02-02T15:36:52.835Z] EXECUTING: Executing (default): SHOW INDEX FROM `emailusers` 
PARAMETERS: []
[2025-02-02T15:36:52.876Z] EXECUTING: Executing (default): SELECT TABLE_NAME FROM INFORMATION_SCHEMA.TABLES WHERE TABLE_TYPE = 'BASE TABLE' AND TABLE_NAME = 'emailusers' AND TABLE_SCHEMA = 'def_project' 
PARAMETERS: []
[2025-02-02T15:38:57.017Z] EXECUTING: Executing (default): SELECT 1+1 AS result 
PARAMETERS: []
[2025-02-02T15:38:57.019Z] EXECUTING: Executing (default): SHOW INDEX FROM `emailusers` 
PARAMETERS: []
[2025-02-02T15:38:57.021Z] EXECUTING: Executing (default): SELECT TABLE_NAME FROM INFORMATION_SCHEMA.TABLES WHERE TABLE_TYPE = 'BASE TABLE' AND TABLE_NAME = 'emailusers' AND TABLE_SCHEMA = 'def_project' 
PARAMETERS: []
[2025-02-02T15:48:34.495Z] EXECUTING: Executing (default): SELECT 1+1 AS result 
PARAMETERS: []
[2025-02-02T15:48:34.500Z] EXECUTING: Executing (default): SHOW INDEX FROM `emailusers` 
PARAMETERS: []
[2025-02-02T15:48:34.504Z] EXECUTING: Executing (default): SELECT TABLE_NAME FROM INFORMATION_SCHEMA.TABLES WHERE TABLE_TYPE = 'BASE TABLE' AND TABLE_NAME = 'emailusers' AND TABLE_SCHEMA = 'def_project' 
PARAMETERS: []
[2025-02-02T15:48:47.538Z] EXECUTING: Executing (default): SHOW INDEX FROM `emailusers` 
PARAMETERS: []
[2025-02-02T15:49:27.034Z] EXECUTING: Executing (default): SELECT 1+1 AS result 
PARAMETERS: []
[2025-02-02T15:49:27.038Z] EXECUTING: Executing (default): SELECT `id`, `email`, `password`, `userId`, `verificationCode`, `verificationExpires`, `isVerified`, `profileImg`, `stylePreferences`, `size`, `hasCompletedPreferences`, `createdAt`, `updatedAt` FROM `emailusers` AS `EmailUser` WHERE (`EmailUser`.`email` = 'sakills914@gmail.com' OR `EmailUser`.`userId` = 'sakills37') LIMIT 1; 
PARAMETERS: []
[2025-02-02T15:49:27.040Z] EXECUTING: Executing (default): SELECT TABLE_NAME FROM INFORMATION_SCHEMA.TABLES WHERE TABLE_TYPE = 'BASE TABLE' AND TABLE_NAME = 'emailusers' AND TABLE_SCHEMA = 'def_project' 
PARAMETERS: []
[2025-02-02T15:49:27.047Z] EXECUTING: Executing (default): SELECT COUNT(DISTINCT INDEX_NAME) as count 
          FROM information_schema.STATISTICS 
          WHERE TABLE_SCHEMA = 'def_project' 
          AND TABLE_NAME = 'emailusers' 
PARAMETERS: []
[2025-02-02T15:49:27.145Z] EXECUTING: Executing (default): INSERT INTO `emailusers` (`id`,`email`,`password`,`userId`,`verificationCode`,`verificationExpires`,`isVerified`,`profileImg`,`stylePreferences`,`size`,`hasCompletedPreferences`,`createdAt`,`updatedAt`) VALUES (DEFAULT,?,?,?,?,?,?,?,?,?,?,?,?); 
PARAMETERS: ["sakills914@gmail.com","$2b$10$cTNhWASQ.yI2gBwVcpGAKugpoBI.433LNPTQ7UMv1EDo8tdcBLQaG","sakills37","297923","2025-02-02 16:19:27",false,"{\"desktop\":\"/uploads/desktop/default.jpg\",\"mobile\":\"/uploads/mobile/default.jpg\"}","[]","M",false,"2025-02-02 15:49:27","2025-02-02 15:49:27"]
[2025-02-02T15:49:34.245Z] EXECUTING: Executing (default): SELECT `id`, `email`, `password`, `userId`, `verificationCode`, `verificationExpires`, `isVerified`, `profileImg`, `stylePreferences`, `size`, `hasCompletedPreferences`, `createdAt`, `updatedAt` FROM `emailusers` AS `EmailUser` WHERE (`EmailUser`.`email` = 'sakills914@gmail.com' OR `EmailUser`.`userId` = 'sakills37') LIMIT 1; 
PARAMETERS: []
[2025-02-02T15:49:49.449Z] EXECUTING: Executing (default): SELECT 1+1 AS result 
PARAMETERS: []
[2025-02-02T15:49:49.451Z] EXECUTING: Executing (default): SELECT `id`, `email`, `password`, `userId`, `verificationCode`, `verificationExpires`, `isVerified`, `profileImg`, `stylePreferences`, `size`, `hasCompletedPreferences`, `createdAt`, `updatedAt` FROM `emailusers` AS `EmailUser` WHERE `EmailUser`.`userId` = 'sakills37'; 
PARAMETERS: []
[2025-02-02T15:49:49.453Z] EXECUTING: Executing (default): SELECT TABLE_NAME FROM INFORMATION_SCHEMA.TABLES WHERE TABLE_TYPE = 'BASE TABLE' AND TABLE_NAME = 'emailusers' AND TABLE_SCHEMA = 'def_project' 
PARAMETERS: []
[2025-02-02T15:49:49.459Z] EXECUTING: Executing (default): SELECT `id`, `email`, `password`, `userId`, `verificationCode`, `verificationExpires`, `isVerified`, `profileImg`, `stylePreferences`, `size`, `hasCompletedPreferences`, `createdAt`, `updatedAt` FROM `emailusers` AS `EmailUser` WHERE `EmailUser`.`id` = 4; 
PARAMETERS: []
[2025-02-02T15:49:49.464Z] EXECUTING: Executing (d69e42be-d8d3-41fa-8e61-2483fd348579): START TRANSACTION; 
PARAMETERS: []
[2025-02-02T15:49:49.471Z] EXECUTING: Executing (d69e42be-d8d3-41fa-8e61-2483fd348579): UPDATE `emailusers` SET `isVerified`=?,`verificationCode`=?,`verificationExpires`=?,`updatedAt`=? WHERE `id` = ? 
PARAMETERS: [true,null,null,"2025-02-02 15:49:49",4]
[2025-02-02T15:49:49.479Z] EXECUTING: Executing (d69e42be-d8d3-41fa-8e61-2483fd348579): COMMIT; 
PARAMETERS: []
[2025-02-02T15:49:51.885Z] EXECUTING: Executing (default): SHOW INDEX FROM `emailusers` 
PARAMETERS: []
[2025-02-02T15:49:53.349Z] EXECUTING: Executing (default): SHOW INDEX FROM `emailusers` 
PARAMETERS: []
